<?xml version="1.0" encoding="UTF-8"?>
<testng-results ignored="0" total="1" passed="1" failed="0" skipped="0">
  <reporter-output>
  </reporter-output>
  <suite started-at="2022-07-19T10:50:11Z" name="Parallel" finished-at="2022-07-19T10:50:49Z" duration-ms="38302">
    <groups>
    </groups>
    <test started-at="2022-07-19T10:50:11Z" name="SingleTestChrome" finished-at="2022-07-19T10:50:49Z" duration-ms="38302">
      <class name="com.ladbrokes.BrowserStackTest">
        <test-method is-config="true" signature="setUp(java.lang.String, java.lang.String, org.testng.ITestContext)[pri:0, instance:com.ladbrokes.BrowserStackTest@4961f6af]" started-at="2022-07-19T10:50:11Z" name="setUp" finished-at="2022-07-19T10:50:17Z" duration-ms="6283" status="PASS">
          <params>
            <param index="0">
              <value>
                <![CDATA[parallel.conf.json]]>
              </value>
            </param>
            <param index="1">
              <value>
                <![CDATA[chrome]]>
              </value>
            </param>
            <param index="2">
              <value>
                <![CDATA[org.testng.TestRunner@4d5379a]]>
              </value>
            </param>
          </params>
          <reporter-output>
          </reporter-output>
        </test-method> <!-- setUp -->
        <test-method signature="ivy(org.testng.ITestContext)[pri:0, instance:com.ladbrokes.BrowserStackTest@4961f6af]" started-at="2022-07-19T10:50:17Z" name="ivy" description="Launch sports.ladbrokes.com" finished-at="2022-07-19T10:50:48Z" duration-ms="30996" status="PASS">
          <params>
            <param index="0">
              <value>
                <![CDATA[org.testng.TestRunner@4d5379a]]>
              </value>
            </param>
          </params>
          <reporter-output>
          </reporter-output>
        </test-method> <!-- ivy -->
        <test-method is-config="true" signature="tearDown()[pri:0, instance:com.ladbrokes.BrowserStackTest@4961f6af]" started-at="2022-07-19T10:50:48Z" name="tearDown" finished-at="2022-07-19T10:50:49Z" duration-ms="864" status="PASS">
          <reporter-output>
          </reporter-output>
        </test-method> <!-- tearDown -->
      </class> <!-- com.ladbrokes.BrowserStackTest -->
    </test> <!-- SingleTestChrome -->
  </suite> <!-- Parallel -->
</testng-results>
